<?xml version="1.0" encoding="UTF-8"?>
<testsuite xmlns:xsi="http://www.w3.org/2001/XMLSchema-instance" xsi:noNamespaceSchemaLocation="https://maven.apache.org/surefire/maven-surefire-plugin/xsd/surefire-test-report-3.0.xsd" version="3.0" name="netology.sender.MessageSenderImplTest" time="0.557" tests="2" errors="0" skipped="0" failures="0">
  <properties>
[...]
</properties>
  <testcase name="testSend(String, String)[1]" classname="netology.sender.MessageSenderImplTest" time="0.553">
    <system-out><![CDATA[Tests started
One test started
Отправлено сообщение: Welcome
One test finished
]]></system-out>
  </testcase>
  <testcase name="testSend(String, String)[2]" classname="netology.sender.MessageSenderImplTest" time="0.001">
    <system-out><![CDATA[One test started
Отправлено сообщение: Добро пожаловать
One test finished
]]></system-out>
  </testcase>
</testsuite>